<?xml version="1.0" encoding="UTF-8"?>
<!-- Generated by org.testng.reporters.JUnitReportReporter -->
<testsuite hostname="DESKTOP-ROMM88M" failures="0" tests="1" name="Practice_Demo.extractlink_Demo" time="18.577" errors="0" timestamp="2020-02-15T11:33:45 CST" skipped="0">
  <testcase classname="Practice_Demo.extractlink_Demo" name="extractdemo" time="18.577"/>
  <system-out/>
</testsuite> <!-- Practice_Demo.extractlink_Demo -->
